This file contains any messages produced by compilers while
running configure, to aid debugging if configure makes a mistake.

It was created by practica2 configure 0.1, which was
generated by GNU Autoconf 2.69.  Invocation command line was

  $ /home/sergio/DAM/M7/UF1/ejercicios/practica2/configure --enable-maintainer-mode CFLAGS=-g -O0 CXXFLAGS=-g -O0 JFLAGS=-g -O0 FFLAGS=-g -O0

## --------- ##
## Platform. ##
## --------- ##

hostname = FlyingDeb
uname -m = i686
uname -r = 3.16.0-4-686-pae
uname -s = Linux
uname -v = #1 SMP Debian 3.16.7-ckt11-1+deb8u4 (2015-09-19)

/usr/bin/uname -p = unknown
/bin/uname -X     = unknown

/bin/arch              = unknown
/usr/bin/arch -k       = unknown
/usr/convex/getsysinfo = unknown
/usr/bin/hostinfo      = unknown
/bin/machine           = unknown
/usr/bin/oslevel       = unknown
/bin/universe          = unknown

PATH: /usr/local/bin
PATH: /usr/bin
PATH: /bin
PATH: /usr/local/games
PATH: /usr/games


## ----------- ##
## Core tests. ##
## ----------- ##

configure:2315: checking for a BSD-compatible install
configure:2383: result: /usr/bin/install -c
configure:2394: checking whether build environment is sane
configure:2449: result: yes
configure:2600: checking for a thread-safe mkdir -p
configure:2639: result: /bin/mkdir -p
configure:2646: checking for gawk
configure:2662: found /usr/bin/gawk
configure:2673: result: gawk
configure:2684: checking whether make sets $(MAKE)
configure:2706: result: yes
configure:2735: checking whether make supports nested variables
configure:2752: result: yes
configure:2890: checking whether make supports nested variables
configure:2907: result: yes
configure:2967: checking for gcc
configure:2983: found /usr/bin/gcc
configure:2994: result: gcc
configure:3223: checking for C compiler version
configure:3232: gcc --version >&5
gcc (Debian 4.9.2-10) 4.9.2
Copyright (C) 2014 Free Software Foundation, Inc.
This is free software; see the source for copying conditions.  There is NO
warranty; not even for MERCHANTABILITY or FITNESS FOR A PARTICULAR PURPOSE.

configure:3243: $? = 0
configure:3232: gcc -v >&5
Using built-in specs.
COLLECT_GCC=gcc
COLLECT_LTO_WRAPPER=/usr/lib/gcc/i586-linux-gnu/4.9/lto-wrapper
Target: i586-linux-gnu
Configured with: ../src/configure -v --with-pkgversion='Debian 4.9.2-10' --with-bugurl=file:///usr/share/doc/gcc-4.9/README.Bugs --enable-languages=c,c++,java,go,d,fortran,objc,obj-c++ --prefix=/usr --program-suffix=-4.9 --enable-shared --enable-linker-build-id --libexecdir=/usr/lib --without-included-gettext --enable-threads=posix --with-gxx-include-dir=/usr/include/c++/4.9 --libdir=/usr/lib --enable-nls --with-sysroot=/ --enable-clocale=gnu --enable-libstdcxx-debug --enable-libstdcxx-time=yes --enable-gnu-unique-object --disable-vtable-verify --enable-plugin --with-system-zlib --disable-browser-plugin --enable-java-awt=gtk --enable-gtk-cairo --with-java-home=/usr/lib/jvm/java-1.5.0-gcj-4.9-i386/jre --enable-java-home --with-jvm-root-dir=/usr/lib/jvm/java-1.5.0-gcj-4.9-i386 --with-jvm-jar-dir=/usr/lib/jvm-exports/java-1.5.0-gcj-4.9-i386 --with-arch-directory=i386 --with-ecj-jar=/usr/share/java/eclipse-ecj.jar --enable-objc-gc --enable-targets=all --enable-multiarch --with-arch-32=i586 --with-multilib-list=m32,m64,mx32 --enable-multilib --with-tune=generic --enable-checking=release --build=i586-linux-gnu --host=i586-linux-gnu --target=i586-linux-gnu
Thread model: posix
gcc version 4.9.2 (Debian 4.9.2-10) 
configure:3243: $? = 0
configure:3232: gcc -V >&5
gcc: error: unrecognized command line option '-V'
gcc: fatal error: no input files
compilation terminated.
configure:3243: $? = 4
configure:3232: gcc -qversion >&5
gcc: error: unrecognized command line option '-qversion'
gcc: fatal error: no input files
compilation terminated.
configure:3243: $? = 4
configure:3263: checking whether the C compiler works
configure:3285: gcc -g -O0   conftest.c  >&5
configure:3289: $? = 0
configure:3337: result: yes
configure:3340: checking for C compiler default output file name
configure:3342: result: a.out
configure:3348: checking for suffix of executables
configure:3355: gcc -o conftest -g -O0   conftest.c  >&5
configure:3359: $? = 0
configure:3381: result: 
configure:3403: checking whether we are cross compiling
configure:3411: gcc -o conftest -g -O0   conftest.c  >&5
configure:3415: $? = 0
configure:3422: ./conftest
configure:3426: $? = 0
configure:3441: result: no
configure:3446: checking for suffix of object files
configure:3468: gcc -c -g -O0  conftest.c >&5
configure:3472: $? = 0
configure:3493: result: o
configure:3497: checking whether we are using the GNU C compiler
configure:3516: gcc -c -g -O0  conftest.c >&5
configure:3516: $? = 0
configure:3525: result: yes
configure:3534: checking whether gcc accepts -g
configure:3554: gcc -c -g  conftest.c >&5
configure:3554: $? = 0
configure:3595: result: yes
configure:3612: checking for gcc option to accept ISO C89
configure:3675: gcc  -c -g -O0  conftest.c >&5
configure:3675: $? = 0
configure:3688: result: none needed
configure:3713: checking whether gcc understands -c and -o together
configure:3735: gcc -c conftest.c -o conftest2.o
configure:3738: $? = 0
configure:3735: gcc -c conftest.c -o conftest2.o
configure:3738: $? = 0
configure:3750: result: yes
configure:3778: checking for style of include used by make
configure:3806: result: GNU
configure:3832: checking dependency style of gcc
configure:3943: result: gcc3
configure:3963: checking whether NLS is requested
configure:3972: result: yes
configure:3991: checking for intltool >= 0.35.0
configure:3993: result: 0.50.2 found
configure:4001: checking for intltool-update
configure:4019: found /usr/bin/intltool-update
configure:4031: result: /usr/bin/intltool-update
configure:4041: checking for intltool-merge
configure:4059: found /usr/bin/intltool-merge
configure:4071: result: /usr/bin/intltool-merge
configure:4081: checking for intltool-extract
configure:4099: found /usr/bin/intltool-extract
configure:4111: result: /usr/bin/intltool-extract
configure:4265: checking for xgettext
configure:4283: found /usr/bin/xgettext
configure:4295: result: /usr/bin/xgettext
configure:4305: checking for msgmerge
configure:4323: found /usr/bin/msgmerge
configure:4335: result: /usr/bin/msgmerge
configure:4345: checking for msgfmt
configure:4363: found /usr/bin/msgfmt
configure:4375: result: /usr/bin/msgfmt
configure:4385: checking for gmsgfmt
configure:4416: result: /usr/bin/msgfmt
configure:4436: checking for perl
configure:4454: found /usr/bin/perl
configure:4466: result: /usr/bin/perl
configure:4477: checking for perl >= 5.8.1
configure:4484: result: 5.20.2
configure:4488: checking for XML::Parser
configure:4491: result: ok
configure:4516: gcc -o conftest -g -O0   conftest.c  >&5
configure:4516: $? = 0
configure:4556: checking how to run the C preprocessor
configure:4587: gcc -E  conftest.c
configure:4587: $? = 0
configure:4601: gcc -E  conftest.c
conftest.c:12:28: fatal error: ac_nonexistent.h: No such file or directory
 #include <ac_nonexistent.h>
                            ^
compilation terminated.
configure:4601: $? = 1
configure: failed program was:
| /* confdefs.h */
| #define PACKAGE_NAME "practica2"
| #define PACKAGE_TARNAME "practica2"
| #define PACKAGE_VERSION "0.1"
| #define PACKAGE_STRING "practica2 0.1"
| #define PACKAGE_BUGREPORT ""
| #define PACKAGE_URL ""
| #define PACKAGE "practica2"
| #define VERSION "0.1"
| #define GETTEXT_PACKAGE "practica2"
| /* end confdefs.h.  */
| #include <ac_nonexistent.h>
configure:4626: result: gcc -E
configure:4646: gcc -E  conftest.c
configure:4646: $? = 0
configure:4660: gcc -E  conftest.c
conftest.c:12:28: fatal error: ac_nonexistent.h: No such file or directory
 #include <ac_nonexistent.h>
                            ^
compilation terminated.
configure:4660: $? = 1
configure: failed program was:
| /* confdefs.h */
| #define PACKAGE_NAME "practica2"
| #define PACKAGE_TARNAME "practica2"
| #define PACKAGE_VERSION "0.1"
| #define PACKAGE_STRING "practica2 0.1"
| #define PACKAGE_BUGREPORT ""
| #define PACKAGE_URL ""
| #define PACKAGE "practica2"
| #define VERSION "0.1"
| #define GETTEXT_PACKAGE "practica2"
| /* end confdefs.h.  */
| #include <ac_nonexistent.h>
configure:4689: checking for grep that handles long lines and -e
configure:4747: result: /bin/grep
configure:4752: checking for egrep
configure:4814: result: /bin/grep -E
configure:4819: checking for ANSI C header files
configure:4839: gcc -c -g -O0  conftest.c >&5
configure:4839: $? = 0
configure:4912: gcc -o conftest -g -O0   conftest.c  >&5
configure:4912: $? = 0
configure:4912: ./conftest
configure:4912: $? = 0
configure:4923: result: yes
configure:4936: checking for sys/types.h
configure:4936: gcc -c -g -O0  conftest.c >&5
configure:4936: $? = 0
configure:4936: result: yes
configure:4936: checking for sys/stat.h
configure:4936: gcc -c -g -O0  conftest.c >&5
configure:4936: $? = 0
configure:4936: result: yes
configure:4936: checking for stdlib.h
configure:4936: gcc -c -g -O0  conftest.c >&5
configure:4936: $? = 0
configure:4936: result: yes
configure:4936: checking for string.h
configure:4936: gcc -c -g -O0  conftest.c >&5
configure:4936: $? = 0
configure:4936: result: yes
configure:4936: checking for memory.h
configure:4936: gcc -c -g -O0  conftest.c >&5
configure:4936: $? = 0
configure:4936: result: yes
configure:4936: checking for strings.h
configure:4936: gcc -c -g -O0  conftest.c >&5
configure:4936: $? = 0
configure:4936: result: yes
configure:4936: checking for inttypes.h
configure:4936: gcc -c -g -O0  conftest.c >&5
configure:4936: $? = 0
configure:4936: result: yes
configure:4936: checking for stdint.h
configure:4936: gcc -c -g -O0  conftest.c >&5
configure:4936: $? = 0
configure:4936: result: yes
configure:4936: checking for unistd.h
configure:4936: gcc -c -g -O0  conftest.c >&5
configure:4936: $? = 0
configure:4936: result: yes
configure:4951: checking locale.h usability
configure:4951: gcc -c -g -O0  conftest.c >&5
configure:4951: $? = 0
configure:4951: result: yes
configure:4951: checking locale.h presence
configure:4951: gcc -E  conftest.c
configure:4951: $? = 0
configure:4951: result: yes
configure:4951: checking for locale.h
configure:4951: result: yes
configure:4962: checking for LC_MESSAGES
configure:4978: gcc -o conftest -g -O0   conftest.c  >&5
configure:4978: $? = 0
configure:4986: result: yes
configure:5003: checking libintl.h usability
configure:5003: gcc -c -g -O0  conftest.c >&5
configure:5003: $? = 0
configure:5003: result: yes
configure:5003: checking libintl.h presence
configure:5003: gcc -E  conftest.c
configure:5003: $? = 0
configure:5003: result: yes
configure:5003: checking for libintl.h
configure:5003: result: yes
configure:5011: checking for ngettext in libc
configure:5029: gcc -o conftest -g -O0   conftest.c  >&5
configure:5029: $? = 0
configure:5038: result: yes
configure:5042: checking for dgettext in libc
configure:5060: gcc -o conftest -g -O0   conftest.c  >&5
configure:5060: $? = 0
configure:5069: result: yes
configure:5076: checking for bind_textdomain_codeset
configure:5076: gcc -o conftest -g -O0   conftest.c  >&5
configure:5076: $? = 0
configure:5076: result: yes
configure:5352: checking for msgfmt
configure:5379: result: /usr/bin/msgfmt
configure:5390: checking for dcgettext
configure:5390: gcc -o conftest -g -O0   conftest.c   >&5
conftest.c:49:6: warning: conflicting types for built-in function 'dcgettext'
 char dcgettext ();
      ^
configure:5390: $? = 0
configure:5390: result: yes
configure:5400: checking if msgfmt accepts -c
configure:5415: $MSGFMT -c -o /dev/null conftest.foo
conftest.foo:3: warning: header field 'Language' missing in header
configure:5418: $? = 0
configure:5420: result: yes
configure:5430: checking for gmsgfmt
configure:5461: result: /usr/bin/msgfmt
configure:5471: checking for xgettext
configure:5498: result: /usr/bin/xgettext
configure:5517: gcc -o conftest -g -O0   conftest.c   >&5
configure:5517: $? = 0
configure:5690: checking build system type
configure:5704: result: i686-pc-linux-gnu
configure:5724: checking host system type
configure:5737: result: i686-pc-linux-gnu
configure:5778: checking how to print strings
configure:5805: result: printf
configure:5826: checking for a sed that does not truncate output
configure:5890: result: /bin/sed
configure:5908: checking for fgrep
configure:5970: result: /bin/grep -F
configure:6005: checking for ld used by gcc
configure:6072: result: /usr/bin/ld
configure:6079: checking if the linker (/usr/bin/ld) is GNU ld
configure:6094: result: yes
configure:6106: checking for BSD- or MS-compatible name lister (nm)
configure:6155: result: /usr/bin/nm -B
configure:6285: checking the name lister (/usr/bin/nm -B) interface
configure:6292: gcc -c -g -O0  conftest.c >&5
configure:6295: /usr/bin/nm -B "conftest.o"
configure:6298: output
00000000 B some_variable
configure:6305: result: BSD nm
configure:6308: checking whether ln -s works
configure:6312: result: yes
configure:6320: checking the maximum length of command line arguments
configure:6451: result: 1572864
configure:6468: checking whether the shell understands some XSI constructs
configure:6478: result: yes
configure:6482: checking whether the shell understands "+="
configure:6488: result: yes
configure:6523: checking how to convert i686-pc-linux-gnu file names to i686-pc-linux-gnu format
configure:6563: result: func_convert_file_noop
configure:6570: checking how to convert i686-pc-linux-gnu file names to toolchain format
configure:6590: result: func_convert_file_noop
configure:6597: checking for /usr/bin/ld option to reload object files
configure:6604: result: -r
configure:6678: checking for objdump
configure:6694: found /usr/bin/objdump
configure:6705: result: objdump
configure:6737: checking how to recognize dependent libraries
configure:6935: result: pass_all
configure:7020: checking for dlltool
configure:7050: result: no
configure:7080: checking how to associate runtime and link libraries
configure:7107: result: printf %s\n
configure:7167: checking for ar
configure:7183: found /usr/bin/ar
configure:7194: result: ar
configure:7231: checking for archiver @FILE support
configure:7248: gcc -c -g -O0  conftest.c >&5
configure:7248: $? = 0
configure:7251: ar cru libconftest.a @conftest.lst >&5
configure:7254: $? = 0
configure:7259: ar cru libconftest.a @conftest.lst >&5
ar: conftest.o: No such file or directory
configure:7262: $? = 1
configure:7274: result: @
configure:7332: checking for strip
configure:7348: found /usr/bin/strip
configure:7359: result: strip
configure:7431: checking for ranlib
configure:7447: found /usr/bin/ranlib
configure:7458: result: ranlib
configure:7560: checking command to parse /usr/bin/nm -B output from gcc object
configure:7680: gcc -c -g -O0  conftest.c >&5
configure:7683: $? = 0
configure:7687: /usr/bin/nm -B conftest.o \| sed -n -e 's/^.*[ ]\([ABCDGIRSTW][ABCDGIRSTW]*\)[ ][ ]*\([_A-Za-z][_A-Za-z0-9]*\)$/\1 \2 \2/p' | sed '/ __gnu_lto/d' \> conftest.nm
configure:7690: $? = 0
configure:7756: gcc -o conftest -g -O0   conftest.c conftstm.o >&5
configure:7759: $? = 0
configure:7797: result: ok
configure:7834: checking for sysroot
configure:7864: result: no
configure:8133: checking for mt
configure:8149: found /bin/mt
configure:8160: result: mt
configure:8183: checking if mt is a manifest tool
configure:8189: mt '-?'
configure:8197: result: no
configure:8836: checking for dlfcn.h
configure:8836: gcc -c -g -O0  conftest.c >&5
configure:8836: $? = 0
configure:8836: result: yes
configure:9042: checking for objdir
configure:9057: result: .libs
configure:9324: checking if gcc supports -fno-rtti -fno-exceptions
configure:9342: gcc -c -g -O0  -fno-rtti -fno-exceptions conftest.c >&5
cc1: warning: command line option '-fno-rtti' is valid for C++/ObjC++ but not for C
configure:9346: $? = 0
configure:9359: result: no
configure:9686: checking for gcc option to produce PIC
configure:9693: result: -fPIC -DPIC
configure:9701: checking if gcc PIC flag -fPIC -DPIC works
configure:9719: gcc -c -g -O0  -fPIC -DPIC -DPIC conftest.c >&5
configure:9723: $? = 0
configure:9736: result: yes
configure:9765: checking if gcc static flag -static works
configure:9793: result: yes
configure:9808: checking if gcc supports -c -o file.o
configure:9829: gcc -c -g -O0  -o out/conftest2.o conftest.c >&5
configure:9833: $? = 0
configure:9855: result: yes
configure:9863: checking if gcc supports -c -o file.o
configure:9910: result: yes
configure:9943: checking whether the gcc linker (/usr/bin/ld) supports shared libraries
configure:11100: result: yes
configure:11137: checking whether -lc should be explicitly linked in
configure:11145: gcc -c -g -O0  conftest.c >&5
configure:11148: $? = 0
configure:11163: gcc -shared  -fPIC -DPIC conftest.o  -v -Wl,-soname -Wl,conftest -o conftest 2\>\&1 \| /bin/grep  -lc  \>/dev/null 2\>\&1
configure:11166: $? = 0
configure:11180: result: no
configure:11340: checking dynamic linker characteristics
configure:11840: gcc -o conftest -g -O0   -Wl,-rpath -Wl,/foo conftest.c  >&5
configure:11840: $? = 0
configure:12074: result: GNU/Linux ld.so
configure:12181: checking how to hardcode library paths into programs
configure:12206: result: immediate
configure:12746: checking whether stripping libraries is possible
configure:12751: result: yes
configure:12786: checking if libtool supports shared libraries
configure:12788: result: yes
configure:12791: checking whether to build shared libraries
configure:12812: result: yes
configure:12815: checking whether to build static libraries
configure:12819: result: yes
configure:12912: checking for pkg-config
configure:12930: found /usr/bin/pkg-config
configure:12942: result: /usr/bin/pkg-config
configure:12967: checking pkg-config is at least version 0.9.0
configure:12970: result: yes
configure:12980: checking for PRACTICA2
configure:12987: $PKG_CONFIG --exists --print-errors "gtk+-3.0 "
configure:12990: $? = 0
configure:13004: $PKG_CONFIG --exists --print-errors "gtk+-3.0 "
configure:13007: $? = 0
configure:13065: result: yes
configure:13184: checking that generated files are newer than configure
configure:13190: result: done
configure:13217: creating ./config.status

## ---------------------- ##
## Running config.status. ##
## ---------------------- ##

This file was extended by practica2 config.status 0.1, which was
generated by GNU Autoconf 2.69.  Invocation command line was

  CONFIG_FILES    = 
  CONFIG_HEADERS  = 
  CONFIG_LINKS    = 
  CONFIG_COMMANDS = 
  $ ./config.status 

on FlyingDeb

config.status:1167: creating Makefile
config.status:1167: creating src/Makefile
config.status:1167: creating po/Makefile.in
config.status:1167: creating config.h
config.status:1381: executing depfiles commands
config.status:1381: executing default-1 commands
config.status:1381: executing libtool commands
config.status:1381: executing po/stamp-it commands
configure:15465: WARNING: unrecognized options: --enable-maintainer-mode

## ---------------- ##
## Cache variables. ##
## ---------------- ##

ac_cv_build=i686-pc-linux-gnu
ac_cv_c_compiler_gnu=yes
ac_cv_env_CC_set=
ac_cv_env_CC_value=
ac_cv_env_CFLAGS_set=set
ac_cv_env_CFLAGS_value='-g -O0'
ac_cv_env_CPPFLAGS_set=
ac_cv_env_CPPFLAGS_value=
ac_cv_env_CPP_set=
ac_cv_env_CPP_value=
ac_cv_env_LDFLAGS_set=
ac_cv_env_LDFLAGS_value=
ac_cv_env_LIBS_set=
ac_cv_env_LIBS_value=
ac_cv_env_PKG_CONFIG_LIBDIR_set=
ac_cv_env_PKG_CONFIG_LIBDIR_value=
ac_cv_env_PKG_CONFIG_PATH_set=
ac_cv_env_PKG_CONFIG_PATH_value=
ac_cv_env_PKG_CONFIG_set=
ac_cv_env_PKG_CONFIG_value=
ac_cv_env_PRACTICA2_CFLAGS_set=
ac_cv_env_PRACTICA2_CFLAGS_value=
ac_cv_env_PRACTICA2_LIBS_set=
ac_cv_env_PRACTICA2_LIBS_value=
ac_cv_env_build_alias_set=
ac_cv_env_build_alias_value=
ac_cv_env_host_alias_set=
ac_cv_env_host_alias_value=
ac_cv_env_target_alias_set=
ac_cv_env_target_alias_value=
ac_cv_func_bind_textdomain_codeset=yes
ac_cv_func_dcgettext=yes
ac_cv_header_dlfcn_h=yes
ac_cv_header_inttypes_h=yes
ac_cv_header_libintl_h=yes
ac_cv_header_locale_h=yes
ac_cv_header_memory_h=yes
ac_cv_header_stdc=yes
ac_cv_header_stdint_h=yes
ac_cv_header_stdlib_h=yes
ac_cv_header_string_h=yes
ac_cv_header_strings_h=yes
ac_cv_header_sys_stat_h=yes
ac_cv_header_sys_types_h=yes
ac_cv_header_unistd_h=yes
ac_cv_host=i686-pc-linux-gnu
ac_cv_objext=o
ac_cv_path_EGREP='/bin/grep -E'
ac_cv_path_FGREP='/bin/grep -F'
ac_cv_path_GMSGFMT=/usr/bin/msgfmt
ac_cv_path_GREP=/bin/grep
ac_cv_path_INTLTOOL_EXTRACT=/usr/bin/intltool-extract
ac_cv_path_INTLTOOL_MERGE=/usr/bin/intltool-merge
ac_cv_path_INTLTOOL_PERL=/usr/bin/perl
ac_cv_path_INTLTOOL_UPDATE=/usr/bin/intltool-update
ac_cv_path_MSGFMT=/usr/bin/msgfmt
ac_cv_path_MSGMERGE=/usr/bin/msgmerge
ac_cv_path_SED=/bin/sed
ac_cv_path_XGETTEXT=/usr/bin/xgettext
ac_cv_path_ac_pt_PKG_CONFIG=/usr/bin/pkg-config
ac_cv_path_install='/usr/bin/install -c'
ac_cv_path_mkdir=/bin/mkdir
ac_cv_prog_AWK=gawk
ac_cv_prog_CPP='gcc -E'
ac_cv_prog_ac_ct_AR=ar
ac_cv_prog_ac_ct_CC=gcc
ac_cv_prog_ac_ct_MANIFEST_TOOL=mt
ac_cv_prog_ac_ct_OBJDUMP=objdump
ac_cv_prog_ac_ct_RANLIB=ranlib
ac_cv_prog_ac_ct_STRIP=strip
ac_cv_prog_cc_c89=
ac_cv_prog_cc_g=yes
ac_cv_prog_make_make_set=yes
am_cv_CC_dependencies_compiler_type=gcc3
am_cv_make_support_nested_variables=yes
am_cv_prog_cc_c_o=yes
am_cv_val_LC_MESSAGES=yes
gt_cv_func_dgettext_libc=yes
gt_cv_func_dgettext_libintl=no
gt_cv_func_ngettext_libc=yes
gt_cv_have_gettext=yes
lt_cv_ar_at_file=@
lt_cv_archive_cmds_need_lc=no
lt_cv_deplibs_check_method=pass_all
lt_cv_file_magic_cmd='$MAGIC_CMD'
lt_cv_file_magic_test_file=
lt_cv_ld_reload_flag=-r
lt_cv_nm_interface='BSD nm'
lt_cv_objdir=.libs
lt_cv_path_LD=/usr/bin/ld
lt_cv_path_NM='/usr/bin/nm -B'
lt_cv_path_mainfest_tool=no
lt_cv_prog_compiler_c_o=yes
lt_cv_prog_compiler_pic='-fPIC -DPIC'
lt_cv_prog_compiler_pic_works=yes
lt_cv_prog_compiler_rtti_exceptions=no
lt_cv_prog_compiler_static_works=yes
lt_cv_prog_gnu_ld=yes
lt_cv_sharedlib_from_linklib_cmd='printf %s\n'
lt_cv_shlibpath_overrides_runpath=no
lt_cv_sys_global_symbol_pipe='sed -n -e '\''s/^.*[	 ]\([ABCDGIRSTW][ABCDGIRSTW]*\)[	 ][	 ]*\([_A-Za-z][_A-Za-z0-9]*\)$/\1 \2 \2/p'\'' | sed '\''/ __gnu_lto/d'\'''
lt_cv_sys_global_symbol_to_c_name_address='sed -n -e '\''s/^: \([^ ]*\)[ ]*$/  {\"\1\", (void *) 0},/p'\'' -e '\''s/^[ABCDGIRSTW]* \([^ ]*\) \([^ ]*\)$/  {"\2", (void *) \&\2},/p'\'''
lt_cv_sys_global_symbol_to_c_name_address_lib_prefix='sed -n -e '\''s/^: \([^ ]*\)[ ]*$/  {\"\1\", (void *) 0},/p'\'' -e '\''s/^[ABCDGIRSTW]* \([^ ]*\) \(lib[^ ]*\)$/  {"\2", (void *) \&\2},/p'\'' -e '\''s/^[ABCDGIRSTW]* \([^ ]*\) \([^ ]*\)$/  {"lib\2", (void *) \&\2},/p'\'''
lt_cv_sys_global_symbol_to_cdecl='sed -n -e '\''s/^T .* \(.*\)$/extern int \1();/p'\'' -e '\''s/^[ABCDGIRSTW]* .* \(.*\)$/extern char \1;/p'\'''
lt_cv_sys_max_cmd_len=1572864
lt_cv_to_host_file_cmd=func_convert_file_noop
lt_cv_to_tool_file_cmd=func_convert_file_noop
pkg_cv_PRACTICA2_CFLAGS='-pthread -I/usr/include/gtk-3.0 -I/usr/include/at-spi2-atk/2.0 -I/usr/include/at-spi-2.0 -I/usr/include/dbus-1.0 -I/usr/lib/i386-linux-gnu/dbus-1.0/include -I/usr/include/gtk-3.0 -I/usr/include/gio-unix-2.0/ -I/usr/include/cairo -I/usr/include/pango-1.0 -I/usr/include/harfbuzz -I/usr/include/pango-1.0 -I/usr/include/atk-1.0 -I/usr/include/cairo -I/usr/include/pixman-1 -I/usr/include/freetype2 -I/usr/include/libpng12 -I/usr/include/gdk-pixbuf-2.0 -I/usr/include/libpng12 -I/usr/include/glib-2.0 -I/usr/lib/i386-linux-gnu/glib-2.0/include '
pkg_cv_PRACTICA2_LIBS='-lgtk-3 -lgdk-3 -lpangocairo-1.0 -lpango-1.0 -latk-1.0 -lcairo-gobject -lcairo -lgdk_pixbuf-2.0 -lgio-2.0 -lgobject-2.0 -lglib-2.0 '

## ----------------- ##
## Output variables. ##
## ----------------- ##

ACLOCAL='${SHELL} /home/sergio/DAM/M7/UF1/ejercicios/practica2/missing aclocal-1.14'
ALL_LINGUAS=''
AMDEPBACKSLASH='\'
AMDEP_FALSE='#'
AMDEP_TRUE=''
AMTAR='$${TAR-tar}'
AM_BACKSLASH='\'
AM_DEFAULT_V='$(AM_DEFAULT_VERBOSITY)'
AM_DEFAULT_VERBOSITY='0'
AM_V='$(V)'
AR='ar'
AUTOCONF='${SHELL} /home/sergio/DAM/M7/UF1/ejercicios/practica2/missing autoconf'
AUTOHEADER='${SHELL} /home/sergio/DAM/M7/UF1/ejercicios/practica2/missing autoheader'
AUTOMAKE='${SHELL} /home/sergio/DAM/M7/UF1/ejercicios/practica2/missing automake-1.14'
AWK='gawk'
CATALOGS=''
CATOBJEXT='.gmo'
CC='gcc'
CCDEPMODE='depmode=gcc3'
CFLAGS='-g -O0'
CPP='gcc -E'
CPPFLAGS=''
CYGPATH_W='echo'
DATADIRNAME='share'
DEFS='-DHAVE_CONFIG_H'
DEPDIR='.deps'
DLLTOOL='false'
DSYMUTIL=''
DUMPBIN=''
ECHO_C=''
ECHO_N='-n'
ECHO_T=''
EGREP='/bin/grep -E'
EXEEXT=''
FGREP='/bin/grep -F'
GETTEXT_PACKAGE='practica2'
GMOFILES=''
GMSGFMT='/usr/bin/msgfmt'
GREP='/bin/grep'
INSTALL_DATA='${INSTALL} -m 644'
INSTALL_PROGRAM='${INSTALL}'
INSTALL_SCRIPT='${INSTALL}'
INSTALL_STRIP_PROGRAM='$(install_sh) -c -s'
INSTOBJEXT='.mo'
INTLLIBS=''
INTLTOOL_CAVES_RULE='%.caves:     %.caves.in     $(INTLTOOL_MERGE) $(wildcard $(top_srcdir)/po/*.po) ; $(INTLTOOL_V_MERGE)LC_ALL=C $(INTLTOOL_MERGE) $(INTLTOOL_V_MERGE_OPTIONS) -d -u -c $(top_builddir)/po/.intltool-merge-cache $(top_srcdir)/po $< $@'
INTLTOOL_DESKTOP_RULE='%.desktop:   %.desktop.in   $(INTLTOOL_MERGE) $(wildcard $(top_srcdir)/po/*.po) ; $(INTLTOOL_V_MERGE)LC_ALL=C $(INTLTOOL_MERGE) $(INTLTOOL_V_MERGE_OPTIONS) -d -u -c $(top_builddir)/po/.intltool-merge-cache $(top_srcdir)/po $< $@'
INTLTOOL_DIRECTORY_RULE='%.directory: %.directory.in $(INTLTOOL_MERGE) $(wildcard $(top_srcdir)/po/*.po) ; $(INTLTOOL_V_MERGE)LC_ALL=C $(INTLTOOL_MERGE) $(INTLTOOL_V_MERGE_OPTIONS) -d -u -c $(top_builddir)/po/.intltool-merge-cache $(top_srcdir)/po $< $@'
INTLTOOL_EXTRACT='/usr/bin/intltool-extract'
INTLTOOL_KBD_RULE='%.kbd:       %.kbd.in       $(INTLTOOL_MERGE) $(wildcard $(top_srcdir)/po/*.po) ; $(INTLTOOL_V_MERGE)LC_ALL=C $(INTLTOOL_MERGE) $(INTLTOOL_V_MERGE_OPTIONS) -x -u -m -c $(top_builddir)/po/.intltool-merge-cache $(top_srcdir)/po $< $@'
INTLTOOL_KEYS_RULE='%.keys:      %.keys.in      $(INTLTOOL_MERGE) $(wildcard $(top_srcdir)/po/*.po) ; $(INTLTOOL_V_MERGE)LC_ALL=C $(INTLTOOL_MERGE) $(INTLTOOL_V_MERGE_OPTIONS) -k -u -c $(top_builddir)/po/.intltool-merge-cache $(top_srcdir)/po $< $@'
INTLTOOL_MERGE='/usr/bin/intltool-merge'
INTLTOOL_OAF_RULE='%.oaf:       %.oaf.in       $(INTLTOOL_MERGE) $(wildcard $(top_srcdir)/po/*.po) ; $(INTLTOOL_V_MERGE)LC_ALL=C $(INTLTOOL_MERGE) $(INTLTOOL_V_MERGE_OPTIONS) -o -p $(top_srcdir)/po $< $@'
INTLTOOL_PERL='/usr/bin/perl'
INTLTOOL_POLICY_RULE='%.policy:    %.policy.in    $(INTLTOOL_MERGE) $(wildcard $(top_srcdir)/po/*.po) ; $(INTLTOOL_V_MERGE)LC_ALL=C $(INTLTOOL_MERGE) $(INTLTOOL_V_MERGE_OPTIONS) -x -u -c $(top_builddir)/po/.intltool-merge-cache $(top_srcdir)/po $< $@'
INTLTOOL_PONG_RULE='%.pong:      %.pong.in      $(INTLTOOL_MERGE) $(wildcard $(top_srcdir)/po/*.po) ; $(INTLTOOL_V_MERGE)LC_ALL=C $(INTLTOOL_MERGE) $(INTLTOOL_V_MERGE_OPTIONS) -x -u -c $(top_builddir)/po/.intltool-merge-cache $(top_srcdir)/po $< $@'
INTLTOOL_PROP_RULE='%.prop:      %.prop.in      $(INTLTOOL_MERGE) $(wildcard $(top_srcdir)/po/*.po) ; $(INTLTOOL_V_MERGE)LC_ALL=C $(INTLTOOL_MERGE) $(INTLTOOL_V_MERGE_OPTIONS) -d -u -c $(top_builddir)/po/.intltool-merge-cache $(top_srcdir)/po $< $@'
INTLTOOL_SCHEMAS_RULE='%.schemas:   %.schemas.in   $(INTLTOOL_MERGE) $(wildcard $(top_srcdir)/po/*.po) ; $(INTLTOOL_V_MERGE)LC_ALL=C $(INTLTOOL_MERGE) $(INTLTOOL_V_MERGE_OPTIONS) -s -u -c $(top_builddir)/po/.intltool-merge-cache $(top_srcdir)/po $< $@'
INTLTOOL_SERVER_RULE='%.server:    %.server.in    $(INTLTOOL_MERGE) $(wildcard $(top_srcdir)/po/*.po) ; $(INTLTOOL_V_MERGE)LC_ALL=C $(INTLTOOL_MERGE) $(INTLTOOL_V_MERGE_OPTIONS) -o -u -c $(top_builddir)/po/.intltool-merge-cache $(top_srcdir)/po $< $@'
INTLTOOL_SERVICE_RULE='%.service: %.service.in   $(INTLTOOL_MERGE) $(wildcard $(top_srcdir)/po/*.po) ; $(INTLTOOL_V_MERGE)LC_ALL=C $(INTLTOOL_MERGE) $(INTLTOOL_V_MERGE_OPTIONS) -d -u -c $(top_builddir)/po/.intltool-merge-cache $(top_srcdir)/po $< $@'
INTLTOOL_SHEET_RULE='%.sheet:     %.sheet.in     $(INTLTOOL_MERGE) $(wildcard $(top_srcdir)/po/*.po) ; $(INTLTOOL_V_MERGE)LC_ALL=C $(INTLTOOL_MERGE) $(INTLTOOL_V_MERGE_OPTIONS) -x -u -c $(top_builddir)/po/.intltool-merge-cache $(top_srcdir)/po $< $@'
INTLTOOL_SOUNDLIST_RULE='%.soundlist: %.soundlist.in $(INTLTOOL_MERGE) $(wildcard $(top_srcdir)/po/*.po) ; $(INTLTOOL_V_MERGE)LC_ALL=C $(INTLTOOL_MERGE) $(INTLTOOL_V_MERGE_OPTIONS) -d -u -c $(top_builddir)/po/.intltool-merge-cache $(top_srcdir)/po $< $@'
INTLTOOL_THEME_RULE='%.theme:     %.theme.in     $(INTLTOOL_MERGE) $(wildcard $(top_srcdir)/po/*.po) ; $(INTLTOOL_V_MERGE)LC_ALL=C $(INTLTOOL_MERGE) $(INTLTOOL_V_MERGE_OPTIONS) -d -u -c $(top_builddir)/po/.intltool-merge-cache $(top_srcdir)/po $< $@'
INTLTOOL_UI_RULE='%.ui:        %.ui.in        $(INTLTOOL_MERGE) $(wildcard $(top_srcdir)/po/*.po) ; $(INTLTOOL_V_MERGE)LC_ALL=C $(INTLTOOL_MERGE) $(INTLTOOL_V_MERGE_OPTIONS) -x -u -c $(top_builddir)/po/.intltool-merge-cache $(top_srcdir)/po $< $@'
INTLTOOL_UPDATE='/usr/bin/intltool-update'
INTLTOOL_V_MERGE='$(INTLTOOL__v_MERGE_$(V))'
INTLTOOL_V_MERGE_OPTIONS='$(intltool__v_merge_options_$(V))'
INTLTOOL_XAM_RULE='%.xam:       %.xml.in       $(INTLTOOL_MERGE) $(wildcard $(top_srcdir)/po/*.po) ; $(INTLTOOL_V_MERGE)LC_ALL=C $(INTLTOOL_MERGE) $(INTLTOOL_V_MERGE_OPTIONS) -x -u -c $(top_builddir)/po/.intltool-merge-cache $(top_srcdir)/po $< $@'
INTLTOOL_XML_NOMERGE_RULE='%.xml:       %.xml.in       $(INTLTOOL_MERGE) ; $(INTLTOOL_V_MERGE)LC_ALL=C $(INTLTOOL_MERGE) $(INTLTOOL_V_MERGE_OPTIONS) -x -u --no-translations $< $@'
INTLTOOL_XML_RULE='%.xml:       %.xml.in       $(INTLTOOL_MERGE) $(wildcard $(top_srcdir)/po/*.po) ; $(INTLTOOL_V_MERGE)LC_ALL=C $(INTLTOOL_MERGE) $(INTLTOOL_V_MERGE_OPTIONS) -x -u -c $(top_builddir)/po/.intltool-merge-cache $(top_srcdir)/po $< $@'
INTLTOOL__v_MERGE_0='@echo "  ITMRG " $@;'
INTLTOOL__v_MERGE_='$(INTLTOOL__v_MERGE_$(AM_DEFAULT_VERBOSITY))'
LD='/usr/bin/ld'
LDFLAGS=''
LIBOBJS=''
LIBS=''
LIBTOOL='$(SHELL) $(top_builddir)/libtool'
LIPO=''
LN_S='ln -s'
LTLIBOBJS=''
MAKEINFO='${SHELL} /home/sergio/DAM/M7/UF1/ejercicios/practica2/missing makeinfo'
MANIFEST_TOOL=':'
MKDIR_P='/bin/mkdir -p'
MKINSTALLDIRS='/home/sergio/DAM/M7/UF1/ejercicios/practica2/mkinstalldirs'
MSGFMT='/usr/bin/msgfmt'
MSGFMT_OPTS='-c'
MSGMERGE='/usr/bin/msgmerge'
NM='/usr/bin/nm -B'
NMEDIT=''
OBJDUMP='objdump'
OBJEXT='o'
OTOOL64=''
OTOOL=''
PACKAGE='practica2'
PACKAGE_BUGREPORT=''
PACKAGE_NAME='practica2'
PACKAGE_STRING='practica2 0.1'
PACKAGE_TARNAME='practica2'
PACKAGE_URL=''
PACKAGE_VERSION='0.1'
PATH_SEPARATOR=':'
PKG_CONFIG='/usr/bin/pkg-config'
PKG_CONFIG_LIBDIR=''
PKG_CONFIG_PATH=''
POFILES=''
POSUB='po'
PO_IN_DATADIR_FALSE=''
PO_IN_DATADIR_TRUE=''
PRACTICA2_CFLAGS='-pthread -I/usr/include/gtk-3.0 -I/usr/include/at-spi2-atk/2.0 -I/usr/include/at-spi-2.0 -I/usr/include/dbus-1.0 -I/usr/lib/i386-linux-gnu/dbus-1.0/include -I/usr/include/gtk-3.0 -I/usr/include/gio-unix-2.0/ -I/usr/include/cairo -I/usr/include/pango-1.0 -I/usr/include/harfbuzz -I/usr/include/pango-1.0 -I/usr/include/atk-1.0 -I/usr/include/cairo -I/usr/include/pixman-1 -I/usr/include/freetype2 -I/usr/include/libpng12 -I/usr/include/gdk-pixbuf-2.0 -I/usr/include/libpng12 -I/usr/include/glib-2.0 -I/usr/lib/i386-linux-gnu/glib-2.0/include '
PRACTICA2_LIBS='-lgtk-3 -lgdk-3 -lpangocairo-1.0 -lpango-1.0 -latk-1.0 -lcairo-gobject -lcairo -lgdk_pixbuf-2.0 -lgio-2.0 -lgobject-2.0 -lglib-2.0 '
RANLIB='ranlib'
SED='/bin/sed'
SET_MAKE=''
SHELL='/bin/bash'
STRIP='strip'
USE_NLS='yes'
VERSION='0.1'
XGETTEXT='/usr/bin/xgettext'
ac_ct_AR='ar'
ac_ct_CC='gcc'
ac_ct_DUMPBIN=''
am__EXEEXT_FALSE=''
am__EXEEXT_TRUE='#'
am__fastdepCC_FALSE='#'
am__fastdepCC_TRUE=''
am__include='include'
am__isrc=' -I$(srcdir)'
am__leading_dot='.'
am__nodep='_no'
am__quote=''
am__tar='$${TAR-tar} chof - "$$tardir"'
am__untar='$${TAR-tar} xf -'
bindir='${exec_prefix}/bin'
build='i686-pc-linux-gnu'
build_alias=''
build_cpu='i686'
build_os='linux-gnu'
build_vendor='pc'
datadir='${datarootdir}'
datarootdir='${prefix}/share'
docdir='${datarootdir}/doc/${PACKAGE_TARNAME}'
dvidir='${docdir}'
exec_prefix='${prefix}'
host='i686-pc-linux-gnu'
host_alias=''
host_cpu='i686'
host_os='linux-gnu'
host_vendor='pc'
htmldir='${docdir}'
includedir='${prefix}/include'
infodir='${datarootdir}/info'
install_sh='${SHELL} /home/sergio/DAM/M7/UF1/ejercicios/practica2/install-sh'
intltool__v_merge_options_0='-q'
intltool__v_merge_options_='$(intltool__v_merge_options_$(AM_DEFAULT_VERBOSITY))'
libdir='${exec_prefix}/lib'
libexecdir='${exec_prefix}/libexec'
localedir='${datarootdir}/locale'
localstatedir='${prefix}/var'
mandir='${datarootdir}/man'
mkdir_p='$(MKDIR_P)'
oldincludedir='/usr/include'
pdfdir='${docdir}'
prefix='/usr/local'
program_transform_name='s,x,x,'
psdir='${docdir}'
sbindir='${exec_prefix}/sbin'
sharedstatedir='${prefix}/com'
sysconfdir='${prefix}/etc'
target_alias=''

## ----------- ##
## confdefs.h. ##
## ----------- ##

/* confdefs.h */
#define PACKAGE_NAME "practica2"
#define PACKAGE_TARNAME "practica2"
#define PACKAGE_VERSION "0.1"
#define PACKAGE_STRING "practica2 0.1"
#define PACKAGE_BUGREPORT ""
#define PACKAGE_URL ""
#define PACKAGE "practica2"
#define VERSION "0.1"
#define GETTEXT_PACKAGE "practica2"
#define STDC_HEADERS 1
#define HAVE_SYS_TYPES_H 1
#define HAVE_SYS_STAT_H 1
#define HAVE_STDLIB_H 1
#define HAVE_STRING_H 1
#define HAVE_MEMORY_H 1
#define HAVE_STRINGS_H 1
#define HAVE_INTTYPES_H 1
#define HAVE_STDINT_H 1
#define HAVE_UNISTD_H 1
#define HAVE_LOCALE_H 1
#define HAVE_LC_MESSAGES 1
#define HAVE_BIND_TEXTDOMAIN_CODESET 1
#define HAVE_GETTEXT 1
#define HAVE_DCGETTEXT 1
#define ENABLE_NLS 1
#define HAVE_DLFCN_H 1
#define LT_OBJDIR ".libs/"

configure: exit 0
